[WARN ] 2021-03-06 12:47:30:868 [AWT-EventQueue-0] State - Invalid Commmand: n
 [WARN ] 2021-03-06 12:47:33:484 [AWT-EventQueue-0] State - Invalid Commmand: d
 [WARN ] 2021-03-06 12:47:40:437 [AWT-EventQueue-0] State - Invalid Commmand: n
 [INFO ] 2021-03-06 12:48:13:588 [AWT-EventQueue-0] State - [shss]
 [WARN ] 2021-03-06 12:48:22:084 [AWT-EventQueue-0] State - Invalid Commmand: n
 [WARN ] 2021-03-06 12:49:37:264 [AWT-EventQueue-0] State - Invalid Commmand: d
 [INFO ] 2021-03-06 12:49:44:725 [AWT-EventQueue-0] State - [shss]
 [WARN ] 2021-03-06 12:51:42:819 [AWT-EventQueue-0] State - Invalid Commmand: n
 [WARN ] 2021-03-06 12:51:49:735 [AWT-EventQueue-0] State - Invalid Commmand: r
 [WARN ] 2021-03-06 12:51:51:990 [AWT-EventQueue-0] State - Invalid Commmand: d
 [WARN ] 2021-03-06 12:51:54:332 [AWT-EventQueue-0] State - Invalid Commmand: c
 [WARN ] 2021-03-06 12:51:56:881 [AWT-EventQueue-0] State - Invalid Commmand: c
 [WARN ] 2021-03-06 12:51:58:682 [AWT-EventQueue-0] State - Invalid Commmand: r
 [WARN ] 2021-03-06 12:52:13:738 [AWT-EventQueue-0] State - Invalid Commmand: c
 [WARN ] 2021-03-06 12:52:16:395 [AWT-EventQueue-0] State - Invalid Commmand: r
 [INFO ] 2021-03-06 12:52:22:042 [AWT-EventQueue-0] State - [shss]
 [WARN ] 2021-03-06 12:52:33:215 [AWT-EventQueue-0] State - Invalid Commmand: c
 [WARN ] 2021-03-06 12:52:42:363 [AWT-EventQueue-0] State - Invalid Commmand: r
 [INFO ] 2021-03-06 12:52:59:493 [AWT-EventQueue-0] State - [shsbaaaaaaaaans]
 [WARN ] 2021-03-06 12:53:50:503 [Timer-40] State - Invalid Commmand: z
 [WARN ] 2021-03-06 12:53:50:502 [Timer-41] State - Invalid Commmand: z
 [WARN ] 2021-03-06 12:53:50:601 [Timer-42] State - Invalid Commmand: z
 [WARN ] 2021-03-06 12:53:51:759 [AWT-EventQueue-0] State - Invalid Commmand: p
 [INFO ] 2021-03-06 12:54:24:220 [AWT-EventQueue-0] State - [shsbdaaaaaaaaaaaaaaaaaaaaaaaaaapppppppppppppppzraaaaaaaaaahaans]
 [WARN ] 2021-03-06 15:50:54:282 [AWT-EventQueue-0] State - Invalid Commmand: n
 [WARN ] 2021-03-06 15:50:55:895 [AWT-EventQueue-0] State - Invalid Commmand: c
 [WARN ] 2021-03-06 15:50:57:666 [AWT-EventQueue-0] State - Invalid Commmand: r
 [WARN ] 2021-03-06 15:51:01:383 [AWT-EventQueue-0] State - Invalid Commmand: c
 [WARN ] 2021-03-06 15:51:21:653 [AWT-EventQueue-0] State - Invalid Commmand: p
 [WARN ] 2021-03-06 15:53:09:140 [AWT-EventQueue-0] State - Invalid Commmand: n
 [WARN ] 2021-03-06 15:53:12:516 [AWT-EventQueue-0] State - Invalid Commmand: r
 [WARN ] 2021-03-06 15:53:14:523 [AWT-EventQueue-0] State - Invalid Commmand: n
 [WARN ] 2021-03-06 15:53:30:414 [AWT-EventQueue-0] State - Invalid Commmand: n
 [WARN ] 2021-03-06 15:53:46:661 [AWT-EventQueue-0] State - Invalid Commmand: d
 [WARN ] 2021-03-06 15:53:48:648 [AWT-EventQueue-0] State - Invalid Commmand: r
 [WARN ] 2021-03-06 15:53:50:289 [AWT-EventQueue-0] State - Invalid Commmand: c
 [INFO ] 2021-03-06 15:53:51:919 [AWT-EventQueue-0] State - [shsbdappzraphns]
 [WARN ] 2021-03-06 15:54:46:258 [AWT-EventQueue-0] State - Invalid Commmand: r
 [WARN ] 2021-03-06 15:54:47:995 [AWT-EventQueue-0] State - Invalid Commmand: d
 [WARN ] 2021-03-06 15:54:49:356 [AWT-EventQueue-0] State - Invalid Commmand: c
 [WARN ] 2021-03-06 15:54:50:761 [AWT-EventQueue-0] State - Invalid Commmand: n
 [WARN ] 2021-03-06 15:54:52:285 [AWT-EventQueue-0] State - Invalid Commmand: r
 [WARN ] 2021-03-06 16:05:57:323 [AWT-EventQueue-0] State - Invalid Commmand: n
 [WARN ] 2021-03-06 16:06:12:073 [AWT-EventQueue-0] State - Invalid Commmand: a
 [WARN ] 2021-03-06 16:06:12:077 [AWT-EventQueue-0] State - Invalid Commmand: n
 [WARN ] 2021-03-06 16:06:15:987 [AWT-EventQueue-0] State - Invalid Commmand: b
 [WARN ] 2021-03-06 16:09:31:123 [Timer-9] State - Invalid Commmand: z
 [WARN ] 2021-03-06 16:09:31:585 [AWT-EventQueue-0] State - Invalid Commmand: p
 